Mono path[0] = 'Z:/mnt/DATA/Games/HKSilksong/HKSilksong_Data/Managed'
Mono config path = 'Z:/mnt/DATA/Games/HKSilksong/MonoBleedingEdge/etc'
Input System module state changed to: Initialized.
[Physics::Module] Initialized fallback backend.
[Physics::Module] Id: 0xdecafbad
Initialize engine version: 6000.0.50f1-uum-100966-branch1 (359a00488d30)
[Subsystems] Discovering subsystems at path Z:/mnt/DATA/Games/HKSilksong/HKSilksong_Data/UnitySubsystems
GfxDevice: creating device client; kGfxThreadingModeThreaded
Direct3D:
    Version:  Direct3D 11.0 [level 11.1]
    Renderer: ATI Radeon HD 5600 Series (ID=0x68d8)
    Vendor:   ATI
    VRAM:     2048 MB
    Driver:   9.21.10.1280
Begin MonoManager ReloadAssembly
- Loaded All Assemblies, in  0.535 seconds
- Finished resetting the current domain, in  0.007 seconds
[Physics::Module] Selected backend.
[Physics::Module] Name: PhysX
[Physics::Module] Id: 0xf2b8ea05
[Physics::Module] SDK Version: 4.1.2
[Physics::Module] Integration Version: 1.0.0
[Physics::Module] Threading Mode: Multi-Threaded
Failed to query the ID3D11Device5 interface from the video device
Dedicated video D3D11 device creation failed (error: 0x80004002). This device is used specifically for video decoding, we will use software video decoding instead.
<RI> Initializing input.
<RI> Input initialized.
d3d11: QueryInterface(IDXGISwapChain2) failed (80004002).
<RI> Initialized touch support.
UnloadTime: 1.215600 ms
Steam initializing
Setting breakpad minidump AppID = 1030300
SteamInternal_SetMinidumpSteamID:  Caching Steam ID:  76561198185164976 [API loaded no]
Steam failed to initialize
Selected online subsystem SteamOnlineSubsystem
Unloading 5 Unused Serialized files (Serialized files now loaded: 527)
UnloadTime: 2.930600 ms
Discovered supported languages: DE, EN, ES, FR, IT, JA, KO, PT, RU, ZH
Loaded saved language code 'EN'
Restored language code 'EN'
Couldn't find a Game Manager, make sure one exists in the scene.
Couldn't find GameCameras, make sure one exists in the scene.
Unloading 51 unused Assets to reduce memory usage. Loaded Objects now: 6108.
Total: 6.810100 ms (FindLiveObjects: 0.565400 ms CreateObjectMapping: 0.271500 ms MarkObjects: 5.875700 ms  DeleteObjects: 0.096400 ms)

Unloading 2 Unused Serialized files (Serialized files now loaded: 527)
Unloading 1 unused Assets to reduce memory usage. Loaded Objects now: 13326.
Total: 11.375200 ms (FindLiveObjects: 0.973300 ms CreateObjectMapping: 0.958700 ms MarkObjects: 9.316000 ms  DeleteObjects: 0.123900 ms)

Unloading 1 Unused Serialized files (Serialized files now loaded: 579)
Couldn't find GameCameras, make sure one exists in the scene.
Couldn't find a Game Manager, make sure one exists in the scene.
UnloadTime: 11.410700 ms
Loaded saved language code 'EN'
Restored language code 'EN'
Unloading 73 unused Assets to reduce memory usage. Loaded Objects now: 66300.
Total: 35.746500 ms (FindLiveObjects: 4.986400 ms CreateObjectMapping: 4.066100 ms MarkObjects: 26.057300 ms  DeleteObjects: 0.635300 ms)

MenuButton missing flashEffect!
Making UI menu lean.
Only custom filters can be played. Please add a custom filter or an audioclip to the audiosource (Audio Player Actor Distant V2(Clone)).
Only custom filters can be played. Please add a custom filter or an audioclip to the audiosource (Audio Player Actor Distant V2(Clone)).
Only custom filters can be played. Please add a custom filter or an audioclip to the audiosource (Audio Player Actor Distant V2(Clone)).
Unloading 3 Unused Serialized files (Serialized files now loaded: 609)
Unloading 120 unused Assets to reduce memory usage. Loaded Objects now: 122989.
Total: 96.856600 ms (FindLiveObjects: 9.622400 ms CreateObjectMapping: 6.889100 ms MarkObjects: 79.335600 ms  DeleteObjects: 1.008100 ms)

Converting Vertex Colors from Color32 to Color.
Converting Vertex Colors from Color32 to Color.
Converting Vertex Colors from Color32 to Color.
Reloading same scene! Destroying GuidComponents to prevent collisions...
Unloading 1 Unused Serialized files (Serialized files now loaded: 609)
Unloading 2177 unused Assets to reduce memory usage. Loaded Objects now: 139948.
Total: 114.904700 ms (FindLiveObjects: 11.401700 ms CreateObjectMapping: 5.932200 ms MarkObjects: 92.154000 ms  DeleteObjects: 5.413600 ms)

Unloading 1 Unused Serialized files (Serialized files now loaded: 587)
Attempting to get `time` on an audio source that has a resource that is not a clip will always return 0.
Attempting to get `time` on an audio source that has a resource that is not a clip will always return 0.
UnloadTime: 18.810700 ms
Unloading 9174 unused Assets to reduce memory usage. Loaded Objects now: 121521.
Total: 139.626500 ms (FindLiveObjects: 10.368000 ms CreateObjectMapping: 6.082600 ms MarkObjects: 55.376600 ms  DeleteObjects: 67.797900 ms)

Unloading 0 Unused Serialized files (Serialized files now loaded: 525)
Unloading 7826 unused Assets to reduce memory usage. Loaded Objects now: 25481.
Total: 81.103700 ms (FindLiveObjects: 1.954900 ms CreateObjectMapping: 2.202700 ms MarkObjects: 60.712000 ms  DeleteObjects: 16.232800 ms)

Unloading 1 Unused Serialized files (Serialized files now loaded: 577)
UnloadTime: 1.279000 ms
Loaded saved language code 'EN'
Restored language code 'EN'
Unloading 57 unused Assets to reduce memory usage. Loaded Objects now: 71684.
Total: 75.155700 ms (FindLiveObjects: 5.807800 ms CreateObjectMapping: 4.392900 ms MarkObjects: 64.702800 ms  DeleteObjects: 0.251100 ms)

Unloading 1 Unused Serialized files (Serialized files now loaded: 575)
Unloading 5609 unused Assets to reduce memory usage. Loaded Objects now: 66059.
Total: 63.868600 ms (FindLiveObjects: 5.185400 ms CreateObjectMapping: 4.286700 ms MarkObjects: 41.207200 ms  DeleteObjects: 13.188200 ms)

MenuButton missing flashEffect!
Making UI menu lean.
Only custom filters can be played. Please add a custom filter or an audioclip to the audiosource (Audio Player Actor Distant V2(Clone)).
Only custom filters can be played. Please add a custom filter or an audioclip to the audiosource (Audio Player Actor Distant V2(Clone)).
Only custom filters can be played. Please add a custom filter or an audioclip to the audiosource (Audio Player Actor Distant V2(Clone)).
Unloading 1 Unused Serialized files (Serialized files now loaded: 564)
Unloading 277 unused Assets to reduce memory usage. Loaded Objects now: 109483.
Total: 83.629100 ms (FindLiveObjects: 8.336900 ms CreateObjectMapping: 6.465800 ms MarkObjects: 67.112900 ms  DeleteObjects: 1.712100 ms)

Converting Vertex Colors from Color32 to Color.
Converting Vertex Colors from Color32 to Color.
Converting Vertex Colors from Color32 to Color.
Unloading 1 Unused Serialized files (Serialized files now loaded: 612)
Unloading 4125 unused Assets to reduce memory usage. Loaded Objects now: 125171.
Total: 115.488900 ms (FindLiveObjects: 29.888100 ms CreateObjectMapping: 6.363600 ms MarkObjects: 59.239700 ms  DeleteObjects: 19.995900 ms)

Unloading 1 Unused Serialized files (Serialized files now loaded: 574)
Unloading 4207 unused Assets to reduce memory usage. Loaded Objects now: 126318.
Total: 96.922000 ms (FindLiveObjects: 10.762400 ms CreateObjectMapping: 5.766600 ms MarkObjects: 60.560000 ms  DeleteObjects: 19.831800 ms)

Unloading 1 Unused Serialized files (Serialized files now loaded: 613)
Unloading 3075 unused Assets to reduce memory usage. Loaded Objects now: 138732.
Total: 117.440000 ms (FindLiveObjects: 11.462600 ms CreateObjectMapping: 6.239900 ms MarkObjects: 84.049100 ms  DeleteObjects: 15.686900 ms)

Unloading 1 Unused Serialized files (Serialized files now loaded: 613)
Unloading 521 unused Assets to reduce memory usage. Loaded Objects now: 138674.
Total: 85.910000 ms (FindLiveObjects: 12.015800 ms CreateObjectMapping: 5.558300 ms MarkObjects: 63.940400 ms  DeleteObjects: 4.394100 ms)

Unloading 1 Unused Serialized files (Serialized files now loaded: 613)
Unloading 518 unused Assets to reduce memory usage. Loaded Objects now: 138680.
Total: 110.550300 ms (FindLiveObjects: 11.490500 ms CreateObjectMapping: 8.094500 ms MarkObjects: 86.823900 ms  DeleteObjects: 4.139600 ms)

Unloading 1 Unused Serialized files (Serialized files now loaded: 615)
UnloadTime: 14.599900 ms
Unloading 3464 unused Assets to reduce memory usage. Loaded Objects now: 122416.
Total: 111.595300 ms (FindLiveObjects: 10.417600 ms CreateObjectMapping: 5.596700 ms MarkObjects: 79.379700 ms  DeleteObjects: 16.199800 ms)

Unloading 0 Unused Serialized files (Serialized files now loaded: 525)
Unloading 7952 unused Assets to reduce memory usage. Loaded Objects now: 25746.
Total: 79.819500 ms (FindLiveObjects: 5.047600 ms CreateObjectMapping: 9.142800 ms MarkObjects: 48.062800 ms  DeleteObjects: 17.563500 ms)

Unloading 1 Unused Serialized files (Serialized files now loaded: 577)
UnloadTime: 0.493900 ms
Loaded saved language code 'EN'
Restored language code 'EN'
Unloading 85 unused Assets to reduce memory usage. Loaded Objects now: 71918.
Total: 88.399800 ms (FindLiveObjects: 5.587700 ms CreateObjectMapping: 4.748700 ms MarkObjects: 76.831100 ms  DeleteObjects: 1.230900 ms)

Unloading 1 Unused Serialized files (Serialized files now loaded: 575)
Unloading 5609 unused Assets to reduce memory usage. Loaded Objects now: 66293.
Total: 61.233600 ms (FindLiveObjects: 5.121400 ms CreateObjectMapping: 4.463700 ms MarkObjects: 38.697100 ms  DeleteObjects: 12.950000 ms)

Couldn't find a Game Manager, make sure one exists in the scene.
Couldn't find a Game Manager, make sure one exists in the scene.
Couldn't find a Game Manager, make sure one exists in the scene.
Couldn't find a Game Manager, make sure one exists in the scene.
Couldn't find a Game Manager, make sure one exists in the scene.
Couldn't find a Game Manager, make sure one exists in the scene.
Couldn't find a Game Manager, make sure one exists in the scene.
Couldn't find a Game Manager, make sure one exists in the scene.
Couldn't find a Game Manager, make sure one exists in the scene.
Couldn't find a Game Manager, make sure one exists in the scene.
Couldn't find a Game Manager, make sure one exists in the scene.
Couldn't find a Game Manager, make sure one exists in the scene.
Couldn't find a Game Manager, make sure one exists in the scene.
Couldn't find a Game Manager, make sure one exists in the scene.
Couldn't find a Game Manager, make sure one exists in the scene.
[Physics::Module] Cleanup current backned.
[Physics::Module] Id: 0xf2b8ea05
Input System module state changed to: ShutdownInProgress.
Input System polling thread exited.
Input System module state changed to: Shutdown.
